2026-04-19 11:36:52.640  INFO 23756 --- [restartedMain] com.school.SchoolmanagementApplication   : Starting SchoolmanagementApplication using Java 1.8.0_202 on Fakhrudeen with PID 23756 (C:\Users\fakhr\git\springboot_schoolmgmt\schoolmanagement\target\classes started by fakhr in C:\Users\fakhr\git\springboot_schoolmgmt\schoolmanagement)
2026-04-19 11:36:52.640  INFO 23756 --- [restartedMain] com.school.SchoolmanagementApplication   : No active profile set, falling back to 1 default profile: "default"
2026-04-19 11:36:52.817  INFO 23756 --- [restartedMain] .s.d.r.c.RepositoryConfigurationDelegate : Bootstrapping Spring Data JPA repositories in DEFAULT mode.
2026-04-19 11:36:52.849  INFO 23756 --- [restartedMain] .s.d.r.c.RepositoryConfigurationDelegate : Finished Spring Data repository scanning in 27 ms. Found 10 JPA repository interfaces.
2026-04-19 11:36:52.954  INFO 23756 --- [restartedMain] o.s.b.w.embedded.tomcat.TomcatWebServer  : Tomcat initialized with port(s): 8000 (http)
2026-04-19 11:36:52.955  INFO 23756 --- [restartedMain] o.apache.catalina.core.StandardService   : Starting service [Tomcat]
2026-04-19 11:36:52.955  INFO 23756 --- [restartedMain] org.apache.catalina.core.StandardEngine  : Starting Servlet engine: [Apache Tomcat/9.0.65]
2026-04-19 11:36:53.003  INFO 23756 --- [restartedMain] org.apache.jasper.servlet.TldScanner     : At least one JAR was scanned for TLDs yet contained no TLDs. Enable debug logging for this logger for a complete list of JARs that were scanned but no TLDs were found in them. Skipping unneeded JARs during scanning can improve startup time and JSP compilation time.
2026-04-19 11:36:53.004  INFO 23756 --- [restartedMain] o.a.c.c.C.[.[.[/schoolmanagement]        : Initializing Spring embedded WebApplicationContext
2026-04-19 11:36:53.004  INFO 23756 --- [restartedMain] w.s.c.ServletWebServerApplicationContext : Root WebApplicationContext: initialization completed in 362 ms
2026-04-19 11:36:53.025  INFO 23756 --- [restartedMain] com.zaxxer.hikari.HikariDataSource       : HikariPool-14 - Starting...
2026-04-19 11:36:53.054  INFO 23756 --- [restartedMain] com.zaxxer.hikari.HikariDataSource       : HikariPool-14 - Start completed.
2026-04-19 11:36:53.062  INFO 23756 --- [restartedMain] o.hibernate.jpa.internal.util.LogHelper  : HHH000204: Processing PersistenceUnitInfo [name: default]
2026-04-19 11:36:53.067  INFO 23756 --- [restartedMain] org.hibernate.dialect.Dialect            : HHH000400: Using dialect: org.hibernate.dialect.Oracle10gDialect
2026-04-19 11:36:53.120  INFO 23756 --- [restartedMain] o.h.e.t.j.p.i.JtaPlatformInitiator       : HHH000490: Using JtaPlatform implementation: [org.hibernate.engine.transaction.jta.platform.internal.NoJtaPlatform]
2026-04-19 11:36:53.120  INFO 23756 --- [restartedMain] j.LocalContainerEntityManagerFactoryBean : Initialized JPA EntityManagerFactory for persistence unit 'default'
2026-04-19 11:36:53.358  WARN 23756 --- [restartedMain] JpaBaseConfiguration$JpaWebConfiguration : spring.jpa.open-in-view is enabled by default. Therefore, database queries may be performed during view rendering. Explicitly configure spring.jpa.open-in-view to disable this warning
2026-04-19 11:36:53.388  INFO 23756 --- [restartedMain] pertySourcedRequestMappingHandlerMapping : Mapped URL path [/v2/api-docs] onto method [springfox.documentation.swagger2.web.Swagger2Controller#getDocumentation(String, HttpServletRequest)]
2026-04-19 11:36:53.402  INFO 23756 --- [restartedMain] o.s.b.d.a.OptionalLiveReloadServer       : LiveReload server is running on port 35729
2026-04-19 11:36:53.421  INFO 23756 --- [restartedMain] o.s.s.web.DefaultSecurityFilterChain     : Will secure any request with [org.springframework.security.web.session.DisableEncodeUrlFilter@410bab13, org.springframework.security.web.context.request.async.WebAsyncManagerIntegrationFilter@548df6a7, org.springframework.security.web.context.SecurityContextPersistenceFilter@4bc349ec, org.springframework.security.web.header.HeaderWriterFilter@c481387, org.springframework.security.web.authentication.logout.LogoutFilter@411d201f, com.school.security.JwtAuthTokenFilter@6f10f8b3, org.springframework.security.web.authentication.UsernamePasswordAuthenticationFilter@7e39386e, org.springframework.security.web.savedrequest.RequestCacheAwareFilter@1c8adcf6, org.springframework.security.web.servletapi.SecurityContextHolderAwareRequestFilter@509230cb, org.springframework.security.web.authentication.AnonymousAuthenticationFilter@7870f16, org.springframework.security.web.session.SessionManagementFilter@38ef1fb4, org.springframework.security.web.access.ExceptionTranslationFilter@1f8912f0, org.springframework.security.web.access.intercept.FilterSecurityInterceptor@18097a0a]
2026-04-19 11:36:53.472  INFO 23756 --- [restartedMain] o.s.b.w.embedded.tomcat.TomcatWebServer  : Tomcat started on port(s): 8000 (http) with context path '/schoolmanagement'
2026-04-19 11:36:53.472  INFO 23756 --- [restartedMain] d.s.w.p.DocumentationPluginsBootstrapper : Context refreshed
2026-04-19 11:36:53.473  INFO 23756 --- [restartedMain] d.s.w.p.DocumentationPluginsBootstrapper : Found 1 custom documentation plugin(s)
2026-04-19 11:36:53.476  INFO 23756 --- [restartedMain] s.d.s.w.s.ApiListingReferenceScanner     : Scanning for api listing references
2026-04-19 11:36:53.528  INFO 23756 --- [restartedMain] com.school.SchoolmanagementApplication   : Started SchoolmanagementApplication in 0.929 seconds (JVM running for 1850.764)
2026-04-19 11:36:53.530  INFO 23756 --- [restartedMain] .ConditionEvaluationDeltaLoggingListener : Condition evaluation unchanged
2026-04-19 11:38:54.089  INFO 23756 --- [File Watcher] rtingClassPathChangeChangedEventListener : Restarting due to 1 class path change (0 additions, 0 deletions, 1 modification)
2026-04-19 11:38:54.187  INFO 23756 --- [Thread-119] o.apache.catalina.core.StandardService   : Stopping service [Tomcat]
2026-04-19 11:38:54.193  WARN 23756 --- [Thread-119] o.a.c.loader.WebappClassLoaderBase       : The web application [schoolmanagement] appears to have started a thread named [HikariPool-14 housekeeper] but has failed to stop it. This is very likely to create a memory leak. Stack trace of thread:
 sun.misc.Unsafe.park(Native Method)
 java.util.concurrent.locks.LockSupport.parkNanos(LockSupport.java:215)
 java.util.concurrent.locks.AbstractQueuedSynchronizer$ConditionObject.awaitNanos(AbstractQueuedSynchronizer.java:2078)
 java.util.concurrent.ScheduledThreadPoolExecutor$DelayedWorkQueue.take(ScheduledThreadPoolExecutor.java:1093)
 java.util.concurrent.ScheduledThreadPoolExecutor$DelayedWorkQueue.take(ScheduledThreadPoolExecutor.java:809)
 java.util.concurrent.ThreadPoolExecutor.getTask(ThreadPoolExecutor.java:1074)
 java.util.concurrent.ThreadPoolExecutor.runWorker(ThreadPoolExecutor.java:1134)
 java.util.concurrent.ThreadPoolExecutor$Worker.run(ThreadPoolExecutor.java:624)
 java.lang.Thread.run(Thread.java:748)
2026-04-19 11:38:54.199  INFO 23756 --- [Thread-119] j.LocalContainerEntityManagerFactoryBean : Closing JPA EntityManagerFactory for persistence unit 'default'
2026-04-19 11:38:54.199  INFO 23756 --- [Thread-119] com.zaxxer.hikari.HikariDataSource       : HikariPool-14 - Shutdown initiated...
2026-04-19 11:38:54.208  INFO 23756 --- [Thread-119] com.zaxxer.hikari.HikariDataSource       : HikariPool-14 - Shutdown completed.
2026-04-19 11:38:54.416  INFO 23756 --- [restartedMain] com.school.SchoolmanagementApplication   : Spring Boot Application Loading successfully
2026-04-19 11:38:54.439  INFO 23756 --- [restartedMain] com.school.SchoolmanagementApplication   : Starting SchoolmanagementApplication using Java 1.8.0_202 on Fakhrudeen with PID 23756 (C:\Users\fakhr\git\springboot_schoolmgmt\schoolmanagement\target\classes started by fakhr in C:\Users\fakhr\git\springboot_schoolmgmt\schoolmanagement)
2026-04-19 11:38:54.439  INFO 23756 --- [restartedMain] com.school.SchoolmanagementApplication   : No active profile set, falling back to 1 default profile: "default"
2026-04-19 11:38:54.618  INFO 23756 --- [restartedMain] .s.d.r.c.RepositoryConfigurationDelegate : Bootstrapping Spring Data JPA repositories in DEFAULT mode.
2026-04-19 11:38:54.645  INFO 23756 --- [restartedMain] .s.d.r.c.RepositoryConfigurationDelegate : Finished Spring Data repository scanning in 26 ms. Found 10 JPA repository interfaces.
2026-04-19 11:38:54.732  INFO 23756 --- [restartedMain] o.s.b.w.embedded.tomcat.TomcatWebServer  : Tomcat initialized with port(s): 8000 (http)
2026-04-19 11:38:54.733  INFO 23756 --- [restartedMain] o.apache.catalina.core.StandardService   : Starting service [Tomcat]
2026-04-19 11:38:54.733  INFO 23756 --- [restartedMain] org.apache.catalina.core.StandardEngine  : Starting Servlet engine: [Apache Tomcat/9.0.65]
2026-04-19 11:38:54.792  INFO 23756 --- [restartedMain] org.apache.jasper.servlet.TldScanner     : At least one JAR was scanned for TLDs yet contained no TLDs. Enable debug logging for this logger for a complete list of JARs that were scanned but no TLDs were found in them. Skipping unneeded JARs during scanning can improve startup time and JSP compilation time.
2026-04-19 11:38:54.794  INFO 23756 --- [restartedMain] o.a.c.c.C.[.[.[/schoolmanagement]        : Initializing Spring embedded WebApplicationContext
2026-04-19 11:38:54.794  INFO 23756 --- [restartedMain] w.s.c.ServletWebServerApplicationContext : Root WebApplicationContext: initialization completed in 353 ms
2026-04-19 11:38:54.815  INFO 23756 --- [restartedMain] com.zaxxer.hikari.HikariDataSource       : HikariPool-15 - Starting...
2026-04-19 11:38:54.851  INFO 23756 --- [restartedMain] com.zaxxer.hikari.HikariDataSource       : HikariPool-15 - Start completed.
2026-04-19 11:38:54.859  INFO 23756 --- [restartedMain] o.hibernate.jpa.internal.util.LogHelper  : HHH000204: Processing PersistenceUnitInfo [name: default]
2026-04-19 11:38:54.863  INFO 23756 --- [restartedMain] org.hibernate.dialect.Dialect            : HHH000400: Using dialect: org.hibernate.dialect.Oracle10gDialect
2026-04-19 11:38:54.926  INFO 23756 --- [restartedMain] o.h.e.t.j.p.i.JtaPlatformInitiator       : HHH000490: Using JtaPlatform implementation: [org.hibernate.engine.transaction.jta.platform.internal.NoJtaPlatform]
2026-04-19 11:38:54.926  INFO 23756 --- [restartedMain] j.LocalContainerEntityManagerFactoryBean : Initialized JPA EntityManagerFactory for persistence unit 'default'
2026-04-19 11:38:55.175  WARN 23756 --- [restartedMain] JpaBaseConfiguration$JpaWebConfiguration : spring.jpa.open-in-view is enabled by default. Therefore, database queries may be performed during view rendering. Explicitly configure spring.jpa.open-in-view to disable this warning
2026-04-19 11:38:55.194  INFO 23756 --- [restartedMain] pertySourcedRequestMappingHandlerMapping : Mapped URL path [/v2/api-docs] onto method [springfox.documentation.swagger2.web.Swagger2Controller#getDocumentation(String, HttpServletRequest)]
2026-04-19 11:38:55.209  INFO 23756 --- [restartedMain] o.s.b.d.a.OptionalLiveReloadServer       : LiveReload server is running on port 35729
2026-04-19 11:38:55.228  INFO 23756 --- [restartedMain] o.s.s.web.DefaultSecurityFilterChain     : Will secure any request with [org.springframework.security.web.session.DisableEncodeUrlFilter@6c8d0cd5, org.springframework.security.web.context.request.async.WebAsyncManagerIntegrationFilter@ec6362a, org.springframework.security.web.context.SecurityContextPersistenceFilter@3aef1e26, org.springframework.security.web.header.HeaderWriterFilter@3fefa0a1, org.springframework.security.web.authentication.logout.LogoutFilter@3f82ab3, com.school.security.JwtAuthTokenFilter@21a39a42, org.springframework.security.web.authentication.UsernamePasswordAuthenticationFilter@f17773f, org.springframework.security.web.savedrequest.RequestCacheAwareFilter@3fc4bbbd, org.springframework.security.web.servletapi.SecurityContextHolderAwareRequestFilter@7d6cfe4c, org.springframework.security.web.authentication.AnonymousAuthenticationFilter@d4599b9, org.springframework.security.web.session.SessionManagementFilter@428fcf79, org.springframework.security.web.access.ExceptionTranslationFilter@43c8ccda, org.springframework.security.web.access.intercept.FilterSecurityInterceptor@3bb716f5]
2026-04-19 11:38:55.270  INFO 23756 --- [restartedMain] o.s.b.w.embedded.tomcat.TomcatWebServer  : Tomcat started on port(s): 8000 (http) with context path '/schoolmanagement'
2026-04-19 11:38:55.270  INFO 23756 --- [restartedMain] d.s.w.p.DocumentationPluginsBootstrapper : Context refreshed
2026-04-19 11:38:55.271  INFO 23756 --- [restartedMain] d.s.w.p.DocumentationPluginsBootstrapper : Found 1 custom documentation plugin(s)
2026-04-19 11:38:55.274  INFO 23756 --- [restartedMain] s.d.s.w.s.ApiListingReferenceScanner     : Scanning for api listing references
2026-04-19 11:38:55.318  INFO 23756 --- [restartedMain] com.school.SchoolmanagementApplication   : Started SchoolmanagementApplication in 0.897 seconds (JVM running for 1972.554)
2026-04-19 11:38:55.320  INFO 23756 --- [restartedMain] .ConditionEvaluationDeltaLoggingListener : Condition evaluation unchanged
2026-04-19 11:39:19.744  INFO 23756 --- [http-nio-8000-exec-1] o.a.c.c.C.[.[.[/schoolmanagement]        : Initializing Spring DispatcherServlet 'dispatcherServlet'
2026-04-19 11:39:19.750  INFO 23756 --- [http-nio-8000-exec-1] o.s.web.servlet.DispatcherServlet        : Initializing Servlet 'dispatcherServlet'
2026-04-19 11:39:19.754  INFO 23756 --- [http-nio-8000-exec-1] o.s.web.servlet.DispatcherServlet        : Completed initialization in 4 ms
2026-04-19 11:39:21.486  INFO 23756 --- [http-nio-8000-exec-4] com.school.service.StudentServiceImpl    : Student Informations fetched  successfully
2026-04-19 11:39:21.837  INFO 23756 --- [http-nio-8000-exec-5] com.school.service.StudentServiceImpl    : Student Informations fetched  successfully
2026-04-19 11:41:28.359  INFO 23756 --- [File Watcher] rtingClassPathChangeChangedEventListener : Restarting due to 1 class path change (0 additions, 0 deletions, 1 modification)
2026-04-19 11:41:28.460  INFO 23756 --- [Thread-124] o.apache.catalina.core.StandardService   : Stopping service [Tomcat]
2026-04-19 11:41:28.465  INFO 23756 --- [Thread-124] o.a.c.c.C.[.[.[/schoolmanagement]        : Destroying Spring FrameworkServlet 'dispatcherServlet'
2026-04-19 11:41:28.471  WARN 23756 --- [Thread-124] o.a.c.loader.WebappClassLoaderBase       : The web application [schoolmanagement] appears to have started a thread named [HikariPool-15 housekeeper] but has failed to stop it. This is very likely to create a memory leak. Stack trace of thread:
 sun.misc.Unsafe.park(Native Method)
 java.util.concurrent.locks.LockSupport.parkNanos(LockSupport.java:215)
 java.util.concurrent.locks.AbstractQueuedSynchronizer$ConditionObject.awaitNanos(AbstractQueuedSynchronizer.java:2078)
 java.util.concurrent.ScheduledThreadPoolExecutor$DelayedWorkQueue.take(ScheduledThreadPoolExecutor.java:1093)
 java.util.concurrent.ScheduledThreadPoolExecutor$DelayedWorkQueue.take(ScheduledThreadPoolExecutor.java:809)
 java.util.concurrent.ThreadPoolExecutor.getTask(ThreadPoolExecutor.java:1074)
 java.util.concurrent.ThreadPoolExecutor.runWorker(ThreadPoolExecutor.java:1134)
 java.util.concurrent.ThreadPoolExecutor$Worker.run(ThreadPoolExecutor.java:624)
 java.lang.Thread.run(Thread.java:748)
2026-04-19 11:41:28.476  INFO 23756 --- [Thread-124] j.LocalContainerEntityManagerFactoryBean : Closing JPA EntityManagerFactory for persistence unit 'default'
2026-04-19 11:41:28.478  INFO 23756 --- [Thread-124] com.zaxxer.hikari.HikariDataSource       : HikariPool-15 - Shutdown initiated...
2026-04-19 11:41:28.490  INFO 23756 --- [Thread-124] com.zaxxer.hikari.HikariDataSource       : HikariPool-15 - Shutdown completed.
2026-04-19 11:41:28.768  INFO 23756 --- [restartedMain] com.school.SchoolmanagementApplication   : Spring Boot Application Loading successfully
2026-04-19 11:41:28.804  INFO 23756 --- [restartedMain] com.school.SchoolmanagementApplication   : Starting SchoolmanagementApplication using Java 1.8.0_202 on Fakhrudeen with PID 23756 (C:\Users\fakhr\git\springboot_schoolmgmt\schoolmanagement\target\classes started by fakhr in C:\Users\fakhr\git\springboot_schoolmgmt\schoolmanagement)
2026-04-19 11:41:28.804  INFO 23756 --- [restartedMain] com.school.SchoolmanagementApplication   : No active profile set, falling back to 1 default profile: "default"
2026-04-19 11:41:29.038  INFO 23756 --- [restartedMain] .s.d.r.c.RepositoryConfigurationDelegate : Bootstrapping Spring Data JPA repositories in DEFAULT mode.
2026-04-19 11:41:29.072  INFO 23756 --- [restartedMain] .s.d.r.c.RepositoryConfigurationDelegate : Finished Spring Data repository scanning in 33 ms. Found 10 JPA repository interfaces.
2026-04-19 11:41:29.183  INFO 23756 --- [restartedMain] o.s.b.w.embedded.tomcat.TomcatWebServer  : Tomcat initialized with port(s): 8000 (http)
2026-04-19 11:41:29.184  INFO 23756 --- [restartedMain] o.apache.catalina.core.StandardService   : Starting service [Tomcat]
2026-04-19 11:41:29.184  INFO 23756 --- [restartedMain] org.apache.catalina.core.StandardEngine  : Starting Servlet engine: [Apache Tomcat/9.0.65]
2026-04-19 11:41:29.244  INFO 23756 --- [restartedMain] org.apache.jasper.servlet.TldScanner     : At least one JAR was scanned for TLDs yet contained no TLDs. Enable debug logging for this logger for a complete list of JARs that were scanned but no TLDs were found in them. Skipping unneeded JARs during scanning can improve startup time and JSP compilation time.
2026-04-19 11:41:29.245  INFO 23756 --- [restartedMain] o.a.c.c.C.[.[.[/schoolmanagement]        : Initializing Spring embedded WebApplicationContext
2026-04-19 11:41:29.245  INFO 23756 --- [restartedMain] w.s.c.ServletWebServerApplicationContext : Root WebApplicationContext: initialization completed in 439 ms
2026-04-19 11:41:29.274  INFO 23756 --- [restartedMain] com.zaxxer.hikari.HikariDataSource       : HikariPool-16 - Starting...
2026-04-19 11:41:29.295  INFO 23756 --- [restartedMain] com.zaxxer.hikari.HikariDataSource       : HikariPool-16 - Start completed.
2026-04-19 11:41:29.303  INFO 23756 --- [restartedMain] o.hibernate.jpa.internal.util.LogHelper  : HHH000204: Processing PersistenceUnitInfo [name: default]
2026-04-19 11:41:29.309  INFO 23756 --- [restartedMain] org.hibernate.dialect.Dialect            : HHH000400: Using dialect: org.hibernate.dialect.Oracle10gDialect
2026-04-19 11:41:29.377  INFO 23756 --- [restartedMain] o.h.e.t.j.p.i.JtaPlatformInitiator       : HHH000490: Using JtaPlatform implementation: [org.hibernate.engine.transaction.jta.platform.internal.NoJtaPlatform]
2026-04-19 11:41:29.378  INFO 23756 --- [restartedMain] j.LocalContainerEntityManagerFactoryBean : Initialized JPA EntityManagerFactory for persistence unit 'default'
2026-04-19 11:41:29.660  WARN 23756 --- [restartedMain] JpaBaseConfiguration$JpaWebConfiguration : spring.jpa.open-in-view is enabled by default. Therefore, database queries may be performed during view rendering. Explicitly configure spring.jpa.open-in-view to disable this warning
2026-04-19 11:41:29.692  INFO 23756 --- [restartedMain] pertySourcedRequestMappingHandlerMapping : Mapped URL path [/v2/api-docs] onto method [springfox.documentation.swagger2.web.Swagger2Controller#getDocumentation(String, HttpServletRequest)]
2026-04-19 11:41:29.706  INFO 23756 --- [restartedMain] o.s.b.d.a.OptionalLiveReloadServer       : LiveReload server is running on port 35729
2026-04-19 11:41:29.724  INFO 23756 --- [restartedMain] o.s.s.web.DefaultSecurityFilterChain     : Will secure any request with [org.springframework.security.web.session.DisableEncodeUrlFilter@55606ec, org.springframework.security.web.context.request.async.WebAsyncManagerIntegrationFilter@686b7c47, org.springframework.security.web.context.SecurityContextPersistenceFilter@2a887bd3, org.springframework.security.web.header.HeaderWriterFilter@7790075f, org.springframework.security.web.authentication.logout.LogoutFilter@535289a3, com.school.security.JwtAuthTokenFilter@b97a756, org.springframework.security.web.authentication.UsernamePasswordAuthenticationFilter@25ca172f, org.springframework.security.web.savedrequest.RequestCacheAwareFilter@5421c405, org.springframework.security.web.servletapi.SecurityContextHolderAwareRequestFilter@23fc8b21, org.springframework.security.web.authentication.AnonymousAuthenticationFilter@2215a366, org.springframework.security.web.session.SessionManagementFilter@776ddcbc, org.springframework.security.web.access.ExceptionTranslationFilter@1bbcbd6a, org.springframework.security.web.access.intercept.FilterSecurityInterceptor@5f82b6ca]
2026-04-19 11:41:29.782  INFO 23756 --- [restartedMain] o.s.b.w.embedded.tomcat.TomcatWebServer  : Tomcat started on port(s): 8000 (http) with context path '/schoolmanagement'
2026-04-19 11:41:29.782  INFO 23756 --- [restartedMain] d.s.w.p.DocumentationPluginsBootstrapper : Context refreshed
2026-04-19 11:41:29.783  INFO 23756 --- [restartedMain] d.s.w.p.DocumentationPluginsBootstrapper : Found 1 custom documentation plugin(s)
2026-04-19 11:41:29.786  INFO 23756 --- [restartedMain] s.d.s.w.s.ApiListingReferenceScanner     : Scanning for api listing references
2026-04-19 11:41:29.826  INFO 23756 --- [restartedMain] com.school.SchoolmanagementApplication   : Started SchoolmanagementApplication in 1.049 seconds (JVM running for 2127.062)
2026-04-19 11:41:29.828  INFO 23756 --- [restartedMain] .ConditionEvaluationDeltaLoggingListener : Condition evaluation unchanged
2026-04-19 11:44:22.368  INFO 23756 --- [File Watcher] rtingClassPathChangeChangedEventListener : Restarting due to 1 class path change (0 additions, 0 deletions, 1 modification)
2026-04-19 11:44:22.467  INFO 23756 --- [Thread-134] o.apache.catalina.core.StandardService   : Stopping service [Tomcat]
2026-04-19 11:44:22.471  WARN 23756 --- [Thread-134] o.a.c.loader.WebappClassLoaderBase       : The web application [schoolmanagement] appears to have started a thread named [HikariPool-16 housekeeper] but has failed to stop it. This is very likely to create a memory leak. Stack trace of thread:
 sun.misc.Unsafe.park(Native Method)
 java.util.concurrent.locks.LockSupport.parkNanos(LockSupport.java:215)
 java.util.concurrent.locks.AbstractQueuedSynchronizer$ConditionObject.awaitNanos(AbstractQueuedSynchronizer.java:2078)
 java.util.concurrent.ScheduledThreadPoolExecutor$DelayedWorkQueue.take(ScheduledThreadPoolExecutor.java:1093)
 java.util.concurrent.ScheduledThreadPoolExecutor$DelayedWorkQueue.take(ScheduledThreadPoolExecutor.java:809)
 java.util.concurrent.ThreadPoolExecutor.getTask(ThreadPoolExecutor.java:1074)
 java.util.concurrent.ThreadPoolExecutor.runWorker(ThreadPoolExecutor.java:1134)
 java.util.concurrent.ThreadPoolExecutor$Worker.run(ThreadPoolExecutor.java:624)
 java.lang.Thread.run(Thread.java:748)
2026-04-19 11:44:22.477  INFO 23756 --- [Thread-134] j.LocalContainerEntityManagerFactoryBean : Closing JPA EntityManagerFactory for persistence unit 'default'
2026-04-19 11:44:22.478  INFO 23756 --- [Thread-134] com.zaxxer.hikari.HikariDataSource       : HikariPool-16 - Shutdown initiated...
2026-04-19 11:44:22.486  INFO 23756 --- [Thread-134] com.zaxxer.hikari.HikariDataSource       : HikariPool-16 - Shutdown completed.
2026-04-19 11:44:22.867  INFO 23756 --- [restartedMain] com.school.SchoolmanagementApplication   : Spring Boot Application Loading successfully
